
*** Running vivado
    with args -log design_1_calcul_param_1_0_0.vds -m64 -product Vivado -mode batch -messageDb vivado.pb -notrace -source design_1_calcul_param_1_0_0.tcl



****** Vivado v2020.2 (64-bit)
  **** SW Build 3064766 on Wed Nov 18 09:12:45 MST 2020
  **** IP Build 3064653 on Wed Nov 18 14:17:31 MST 2020
    ** Copyright 1986-2020 Xilinx, Inc. All Rights Reserved.

source design_1_calcul_param_1_0_0.tcl -notrace
Command: synth_design -top design_1_calcul_param_1_0_0 -part xc7z010clg400-1 -mode out_of_context
Starting synth_design
WARNING: [IP_Flow 19-3571] IP 'design_1_calcul_param_1_0_0' is restricted:
* Module reference is stale and needs refreshing.
Attempting to get a license for feature 'Synthesis' and/or device 'xc7z010'
INFO: [Common 17-349] Got license for feature 'Synthesis' and/or device 'xc7z010'
INFO: [Synth 8-7079] Multithreading enabled for synth_design using a maximum of 2 processes.
INFO: [Synth 8-7078] Launching helper process for spawning children vivado processes
INFO: [Synth 8-7075] Helper process launched with PID 23732
---------------------------------------------------------------------------------
Starting Synthesize : Time (s): cpu = 00:00:05 ; elapsed = 00:00:05 . Memory (MB): peak = 1113.379 ; gain = 0.000
---------------------------------------------------------------------------------
INFO: [Synth 8-638] synthesizing module 'design_1_calcul_param_1_0_0' [c:/travail/S4APP2/pb_logique_seq/pb_logique_seq.gen/sources_1/bd/design_1/ip/design_1_calcul_param_1_0_0/synth/design_1_calcul_param_1_0_0.vhd:66]
INFO: [Synth 8-3491] module 'calcul_param_1' declared at 'C:/travail/S4APP2/pb_logique_seq/pb_logique_seq.srcs/sources_1/imports/new/calcul_param_1.vhd:36' bound to instance 'U0' of component 'calcul_param_1' [c:/travail/S4APP2/pb_logique_seq/pb_logique_seq.gen/sources_1/bd/design_1/ip/design_1_calcul_param_1_0_0/synth/design_1_calcul_param_1_0_0.vhd:91]
INFO: [Synth 8-638] synthesizing module 'calcul_param_1' [C:/travail/S4APP2/pb_logique_seq/pb_logique_seq.srcs/sources_1/imports/new/calcul_param_1.vhd:48]
	Parameter nbits bound to: 8 - type: integer 
INFO: [Synth 8-3491] module 'compteur_nbits' declared at 'C:/travail/S4APP2/pb_logique_seq/pb_logique_seq.srcs/sources_1/imports/new/compteur_nbits.vhd:25' bound to instance 'inst_compteur' of component 'compteur_nbits' [C:/travail/S4APP2/pb_logique_seq/pb_logique_seq.srcs/sources_1/imports/new/calcul_param_1.vhd:91]
INFO: [Synth 8-638] synthesizing module 'compteur_nbits' [C:/travail/S4APP2/pb_logique_seq/pb_logique_seq.srcs/sources_1/imports/new/compteur_nbits.vhd:34]
	Parameter nbits bound to: 8 - type: integer 
INFO: [Synth 8-256] done synthesizing module 'compteur_nbits' (1#1) [C:/travail/S4APP2/pb_logique_seq/pb_logique_seq.srcs/sources_1/imports/new/compteur_nbits.vhd:34]
WARNING: [Synth 8-614] signal 'i_ech' is read in the process but is not in the sensitivity list [C:/travail/S4APP2/pb_logique_seq/pb_logique_seq.srcs/sources_1/imports/new/calcul_param_1.vhd:118]
WARNING: [Synth 8-614] signal 'i_en' is read in the process but is not in the sensitivity list [C:/travail/S4APP2/pb_logique_seq/pb_logique_seq.srcs/sources_1/imports/new/calcul_param_1.vhd:118]
INFO: [Synth 8-256] done synthesizing module 'calcul_param_1' (2#1) [C:/travail/S4APP2/pb_logique_seq/pb_logique_seq.srcs/sources_1/imports/new/calcul_param_1.vhd:48]
INFO: [Synth 8-256] done synthesizing module 'design_1_calcul_param_1_0_0' (3#1) [c:/travail/S4APP2/pb_logique_seq/pb_logique_seq.gen/sources_1/bd/design_1/ip/design_1_calcul_param_1_0_0/synth/design_1_calcul_param_1_0_0.vhd:66]
---------------------------------------------------------------------------------
Finished Synthesize : Time (s): cpu = 00:00:06 ; elapsed = 00:00:06 . Memory (MB): peak = 1113.379 ; gain = 0.000
---------------------------------------------------------------------------------
---------------------------------------------------------------------------------
Finished Constraint Validation : Time (s): cpu = 00:00:06 ; elapsed = 00:00:06 . Memory (MB): peak = 1113.379 ; gain = 0.000
---------------------------------------------------------------------------------
---------------------------------------------------------------------------------
Start Loading Part and Timing Information
---------------------------------------------------------------------------------
Loading part: xc7z010clg400-1
---------------------------------------------------------------------------------
Finished Loading Part and Timing Information : Time (s): cpu = 00:00:06 ; elapsed = 00:00:06 . Memory (MB): peak = 1113.379 ; gain = 0.000
---------------------------------------------------------------------------------
INFO: [Device 21-403] Loading part xc7z010clg400-1
INFO: [Synth 8-802] inferred FSM for state register 'fsm_EtatCourant_reg' in module 'calcul_param_1'
WARNING: [Synth 8-327] inferring latch for variable 'FSM_sequential_fsm_prochainEtat_reg' [C:/travail/S4APP2/pb_logique_seq/pb_logique_seq.srcs/sources_1/imports/new/calcul_param_1.vhd:104]
WARNING: [Synth 8-327] inferring latch for variable 'FSM_onehot_fsm_prochainEtat_reg' [C:/travail/S4APP2/pb_logique_seq/pb_logique_seq.srcs/sources_1/imports/new/calcul_param_1.vhd:104]
---------------------------------------------------------------------------------------------------
                   State |                     New Encoding |                Previous Encoding 
---------------------------------------------------------------------------------------------------
                sta_init |                   00000000000001 |                             0000
                   sta_1 |                   00000000000010 |                             0001
                   sta_2 |                   00000000000100 |                             0010
                   sta_3 |                   00000000001000 |                             0011
                 sta_cpt |                   00000000010000 |                             0100
              sta_cpt_en |                   00000000100000 |                             1000
                   sta_4 |                   00000001000000 |                             0101
                sta_4_en |                   00000010000000 |                             1001
                   sta_5 |                   00000100000000 |                             0110
                sta_5_en |                   00001000000000 |                             1010
                   sta_6 |                   00010000000000 |                             0111
                sta_6_en |                   00100000000000 |                             1011
                sta_send |                   01000000000000 |                             1101
                 sta_res |                   10000000000000 |                             1100
---------------------------------------------------------------------------------------------------
INFO: [Synth 8-3354] encoded FSM with state register 'fsm_EtatCourant_reg' using encoding 'one-hot' in module 'calcul_param_1'
WARNING: [Synth 8-327] inferring latch for variable 'FSM_onehot_fsm_prochainEtat_reg' [C:/travail/S4APP2/pb_logique_seq/pb_logique_seq.srcs/sources_1/imports/new/calcul_param_1.vhd:104]
---------------------------------------------------------------------------------
Finished RTL Optimization Phase 2 : Time (s): cpu = 00:00:07 ; elapsed = 00:00:06 . Memory (MB): peak = 1113.379 ; gain = 0.000
---------------------------------------------------------------------------------
No constraint files found.
---------------------------------------------------------------------------------
Start RTL Component Statistics 
---------------------------------------------------------------------------------
Detailed RTL Component Info : 
+---Adders : 
	   2 Input    8 Bit       Adders := 1     
+---Registers : 
	                8 Bit    Registers := 2     
+---Muxes : 
	  14 Input   14 Bit        Muxes := 1     
	   2 Input   14 Bit        Muxes := 7     
	  14 Input    4 Bit        Muxes := 1     
	   2 Input    1 Bit        Muxes := 23    
	  14 Input    1 Bit        Muxes := 4     
---------------------------------------------------------------------------------
Finished RTL Component Statistics 
---------------------------------------------------------------------------------
---------------------------------------------------------------------------------
Start Part Resource Summary
---------------------------------------------------------------------------------
Part Resources:
DSPs: 80 (col length:40)
BRAMs: 120 (col length: RAMB18 40 RAMB36 20)
---------------------------------------------------------------------------------
Finished Part Resource Summary
---------------------------------------------------------------------------------
No constraint files found.
---------------------------------------------------------------------------------
Start Cross Boundary and Area Optimization
---------------------------------------------------------------------------------
---------------------------------------------------------------------------------
Finished Cross Boundary and Area Optimization : Time (s): cpu = 00:00:11 ; elapsed = 00:00:11 . Memory (MB): peak = 1113.379 ; gain = 0.000
---------------------------------------------------------------------------------
No constraint files found.
---------------------------------------------------------------------------------
Start Timing Optimization
---------------------------------------------------------------------------------
---------------------------------------------------------------------------------
Finished Timing Optimization : Time (s): cpu = 00:00:11 ; elapsed = 00:00:11 . Memory (MB): peak = 1113.379 ; gain = 0.000
---------------------------------------------------------------------------------
---------------------------------------------------------------------------------
Start Technology Mapping
---------------------------------------------------------------------------------
---------------------------------------------------------------------------------
Finished Technology Mapping : Time (s): cpu = 00:00:11 ; elapsed = 00:00:11 . Memory (MB): peak = 1113.379 ; gain = 0.000
---------------------------------------------------------------------------------
---------------------------------------------------------------------------------
Start IO Insertion
---------------------------------------------------------------------------------
---------------------------------------------------------------------------------
Start Flattening Before IO Insertion
---------------------------------------------------------------------------------
---------------------------------------------------------------------------------
Finished Flattening Before IO Insertion
---------------------------------------------------------------------------------
---------------------------------------------------------------------------------
Start Final Netlist Cleanup
---------------------------------------------------------------------------------
---------------------------------------------------------------------------------
Finished Final Netlist Cleanup
---------------------------------------------------------------------------------
---------------------------------------------------------------------------------
Finished IO Insertion : Time (s): cpu = 00:00:14 ; elapsed = 00:00:14 . Memory (MB): peak = 1113.379 ; gain = 0.000
---------------------------------------------------------------------------------
---------------------------------------------------------------------------------
Start Renaming Generated Instances
---------------------------------------------------------------------------------
---------------------------------------------------------------------------------
Finished Renaming Generated Instances : Time (s): cpu = 00:00:14 ; elapsed = 00:00:14 . Memory (MB): peak = 1113.379 ; gain = 0.000
---------------------------------------------------------------------------------
---------------------------------------------------------------------------------
Start Rebuilding User Hierarchy
---------------------------------------------------------------------------------
---------------------------------------------------------------------------------
Finished Rebuilding User Hierarchy : Time (s): cpu = 00:00:14 ; elapsed = 00:00:14 . Memory (MB): peak = 1113.379 ; gain = 0.000
---------------------------------------------------------------------------------
---------------------------------------------------------------------------------
Start Renaming Generated Ports
---------------------------------------------------------------------------------
---------------------------------------------------------------------------------
Finished Renaming Generated Ports : Time (s): cpu = 00:00:14 ; elapsed = 00:00:14 . Memory (MB): peak = 1113.379 ; gain = 0.000
---------------------------------------------------------------------------------
---------------------------------------------------------------------------------
Start Handling Custom Attributes
---------------------------------------------------------------------------------
---------------------------------------------------------------------------------
Finished Handling Custom Attributes : Time (s): cpu = 00:00:14 ; elapsed = 00:00:14 . Memory (MB): peak = 1113.379 ; gain = 0.000
---------------------------------------------------------------------------------
---------------------------------------------------------------------------------
Start Renaming Generated Nets
---------------------------------------------------------------------------------
---------------------------------------------------------------------------------
Finished Renaming Generated Nets : Time (s): cpu = 00:00:14 ; elapsed = 00:00:14 . Memory (MB): peak = 1113.379 ; gain = 0.000
---------------------------------------------------------------------------------
---------------------------------------------------------------------------------
Start Writing Synthesis Report
---------------------------------------------------------------------------------

Report BlackBoxes: 
+-+--------------+----------+
| |BlackBox name |Instances |
+-+--------------+----------+
+-+--------------+----------+

Report Cell Usage: 
+------+-----+------+
|      |Cell |Count |
+------+-----+------+
|1     |LUT1 |     1|
|2     |LUT2 |     3|
|3     |LUT3 |     7|
|4     |LUT4 |     6|
|5     |LUT5 |     2|
|6     |LUT6 |     5|
|7     |FDCE |    21|
|8     |FDPE |     1|
|9     |FDRE |     8|
|10    |LD   |    14|
+------+-----+------+

Report Instance Areas: 
+------+------------------+---------------+------+
|      |Instance          |Module         |Cells |
+------+------------------+---------------+------+
|1     |top               |               |    68|
|2     |  U0              |calcul_param_1 |    68|
|3     |    inst_compteur |compteur_nbits |    19|
+------+------------------+---------------+------+
---------------------------------------------------------------------------------
Finished Writing Synthesis Report : Time (s): cpu = 00:00:14 ; elapsed = 00:00:14 . Memory (MB): peak = 1113.379 ; gain = 0.000
---------------------------------------------------------------------------------
Synthesis finished with 0 errors, 0 critical warnings and 5 warnings.
Synthesis Optimization Runtime : Time (s): cpu = 00:00:14 ; elapsed = 00:00:14 . Memory (MB): peak = 1113.379 ; gain = 0.000
Synthesis Optimization Complete : Time (s): cpu = 00:00:14 ; elapsed = 00:00:14 . Memory (MB): peak = 1113.379 ; gain = 0.000
INFO: [Project 1-571] Translating synthesized netlist
Netlist sorting complete. Time (s): cpu = 00:00:00 ; elapsed = 00:00:00.001 . Memory (MB): peak = 1113.379 ; gain = 0.000
INFO: [Netlist 29-17] Analyzing 14 Unisim elements for replacement
INFO: [Netlist 29-28] Unisim Transformation completed in 0 CPU seconds
INFO: [Project 1-570] Preparing netlist for logic optimization
INFO: [Opt 31-138] Pushed 0 inverter(s) to 0 load pin(s).
Netlist sorting complete. Time (s): cpu = 00:00:00 ; elapsed = 00:00:00.001 . Memory (MB): peak = 1131.070 ; gain = 0.000
INFO: [Project 1-111] Unisim Transformation Summary:
  A total of 14 instances were transformed.
  LD => LDCE: 14 instances

INFO: [Common 17-83] Releasing license: Synthesis
22 Infos, 6 Warnings, 0 Critical Warnings and 0 Errors encountered.
synth_design completed successfully
synth_design: Time (s): cpu = 00:00:18 ; elapsed = 00:00:19 . Memory (MB): peak = 1131.070 ; gain = 17.691
INFO: [Timing 38-35] Done setting XDC timing constraints.
INFO: [Common 17-1381] The checkpoint 'C:/travail/S4APP2/pb_logique_seq/pb_logique_seq.runs/design_1_calcul_param_1_0_0_synth_1/design_1_calcul_param_1_0_0.dcp' has been generated.
write_checkpoint: Time (s): cpu = 00:00:07 ; elapsed = 00:00:07 . Memory (MB): peak = 1520.730 ; gain = 389.660
WARNING: [Common 17-576] 'use_project_ipc' is deprecated. This option is deprecated and no longer used.
INFO: [Coretcl 2-1174] Renamed 2 cell refs.
INFO: [Common 17-1381] The checkpoint 'C:/travail/S4APP2/pb_logique_seq/pb_logique_seq.runs/design_1_calcul_param_1_0_0_synth_1/design_1_calcul_param_1_0_0.dcp' has been generated.
INFO: [runtcl-4] Executing : report_utilization -file design_1_calcul_param_1_0_0_utilization_synth.rpt -pb design_1_calcul_param_1_0_0_utilization_synth.pb
INFO: [Common 17-206] Exiting Vivado at Mon Jan 31 16:19:41 2022...
