Copyright 1986-2020 Xilinx, Inc. All Rights Reserved.
----------------------------------------------------------------------------------------------
| Tool Version : Vivado v.2020.2 (win64) Build 3064766 Wed Nov 18 09:12:45 MST 2020
| Date         : Mon Jan 31 16:21:14 2022
| Host         : DESKTOP-00KO0KK running 64-bit major release  (build 9200)
| Command      : report_control_sets -verbose -file circuit_tr_signal_control_sets_placed.rpt
| Design       : circuit_tr_signal
| Device       : xc7z010
----------------------------------------------------------------------------------------------

Control Set Information

Table of Contents
-----------------
1. Summary
2. Histogram
3. Flip-Flop Distribution
4. Detailed Control Set Information

1. Summary
----------

+----------------------------------------------------------+-------+
|                          Status                          | Count |
+----------------------------------------------------------+-------+
| Total control sets                                       |    30 |
|    Minimum number of control sets                        |    30 |
|    Addition due to synthesis replication                 |     0 |
|    Addition due to physical synthesis replication        |     0 |
| Unused register locations in slices containing registers |   104 |
+----------------------------------------------------------+-------+
* Control sets can be merged at opt_design using control_set_merge or merge_equivalent_drivers
** Run report_qor_suggestions for automated merging and remapping suggestions


2. Histogram
------------

+--------------------+-------+
|       Fanout       | Count |
+--------------------+-------+
| Total control sets |    30 |
| >= 0 to < 4        |     7 |
| >= 4 to < 6        |     1 |
| >= 6 to < 8        |     2 |
| >= 8 to < 10       |     7 |
| >= 10 to < 12      |     1 |
| >= 12 to < 14      |     3 |
| >= 14 to < 16      |     1 |
| >= 16              |     8 |
+--------------------+-------+
* Control sets can be remapped at either synth_design or opt_design


3. Flip-Flop Distribution
-------------------------

+--------------+-----------------------+------------------------+-----------------+--------------+
| Clock Enable | Synchronous Set/Reset | Asynchronous Set/Reset | Total Registers | Total Slices |
+--------------+-----------------------+------------------------+-----------------+--------------+
| No           | No                    | No                     |              93 |           33 |
| No           | No                    | Yes                    |              29 |            8 |
| No           | Yes                   | No                     |              36 |           10 |
| Yes          | No                    | No                     |              51 |           16 |
| Yes          | No                    | Yes                    |             127 |           47 |
| Yes          | Yes                   | No                     |              24 |            6 |
+--------------+-----------------------+------------------------+-----------------+--------------+


4. Detailed Control Set Information
-----------------------------------

+-----------------------------------------------------------------------------+----------------------------------------------------------------------+---------------------------------------------------------------------------+------------------+----------------+--------------+
|                                 Clock Signal                                |                             Enable Signal                            |                              Set/Reset Signal                             | Slice Load Count | Bel Load Count | Bels / Slice |
+-----------------------------------------------------------------------------+----------------------------------------------------------------------+---------------------------------------------------------------------------+------------------+----------------+--------------+
| ~inst_synchro/inst_gen_clk_codec/I                                          |                                                                      |                                                                           |                1 |              1 |         1.00 |
|  inst_synchro/inst_gen_clk_codec/clk_100MHz                                 | design_1_i/M8_commande/U0/inst_cond_btn/inst_strb_bit/E[0]           |                                                                           |                1 |              1 |         1.00 |
|  inst_synchro/inst_synchro/PLLE2_BASE_inst_0                                |                                                                      | inst_init_codec/d_cfg_done                                                |                1 |              1 |         1.00 |
|  inst_synchro/inst_synchro/PLLE2_BASE_inst_0                                | inst_init_codec/inst_ctrl_i2c/i_stb_write                            | inst_init_codec/inst_ctrl_i2c/FSM_onehot_fsm_i2c_etat_courant_reg_n_0_[6] |                1 |              1 |         1.00 |
|  design_1_i/M1_decodeur_i2s/MEF_decodeur_i2s/U0/prochainEtat_reg[2]_i_2_n_0 |                                                                      |                                                                           |                1 |              3 |         3.00 |
|  design_1_i/M8_commande/U0/fsm_prochainEtat_reg[2]_i_2_n_0                  |                                                                      |                                                                           |                1 |              3 |         3.00 |
|  inst_synchro/inst_synchro/o_ac_mclk_OBUF                                   |                                                                      |                                                                           |                2 |              3 |         1.50 |
|  inst_synchro/inst_synchro/PLLE2_BASE_inst_0                                | inst_init_codec/inst_ctrl_i2c/d_delai_synch                          |                                                                           |                1 |              4 |         4.00 |
|  inst_synchro/inst_gen_clk_codec/clk_100MHz                                 | design_1_i/M9_codeur_i2s/mef_cod_i2s_vsb_0/U0/o_bit_enable           | design_1_i/M9_codeur_i2s/mef_cod_i2s_vsb_0/U0/o_cpt_bit_reset             |                3 |              7 |         2.33 |
|  inst_synchro/inst_gen_clk_codec/clk_100MHz                                 | design_1_i/M1_decodeur_i2s/MEF_decodeur_i2s/U0/o_bit_enable          | design_1_i/M1_decodeur_i2s/MEF_decodeur_i2s/U0/o_cpt_bit_reset            |                2 |              7 |         3.50 |
|  inst_synchro/inst_gen_clk_codec/clk_100MHz                                 | design_1_i/M5_parametre_1/U0/inst_compteur/cpt_en                    | design_1_i/M5_parametre_1/U0/inst_compteur/cpt_res                        |                2 |              8 |         4.00 |
|  inst_synchro/inst_gen_clk_codec/clk_100MHz                                 | design_1_i/M5_parametre_1/U0/cpt_stb                                 |                                                                           |                1 |              8 |         8.00 |
|  inst_synchro/inst_gen_clk_codec/clk_100MHz                                 | design_1_i/M10_conversion_affichage/U0/q_DA[7]_i_1_n_0               | i_btn_IBUF[3]                                                             |                4 |              8 |         2.00 |
|  inst_synchro/inst_synchro/o_ac_mclk_OBUF                                   |                                                                      | inst_synchro/inst_gen_clk_codec/eqOp                                      |                3 |              8 |         2.67 |
|  inst_synchro/inst_synchro/PLLE2_BASE_inst_0                                | inst_synchro/inst_synchro/inst_strb_1000Hz/d_strobe_1000Hz           |                                                                           |                2 |              9 |         4.50 |
|  inst_synchro/inst_synchro/PLLE2_BASE_inst_0                                | inst_init_codec/inst_ctrl_i2c/inst_i2c_master/addr_rw0               |                                                                           |                5 |              9 |         1.80 |
|  inst_synchro/inst_synchro/PLLE2_BASE_inst_0                                | inst_init_codec/inst_ctrl_i2c/inst_i2c_master/busy1                  |                                                                           |                4 |              9 |         2.25 |
|  inst_synchro/inst_synchro/PLLE2_BASE_inst_0                                | inst_init_codec/inst_ctrl_i2c/i_stb_write                            |                                                                           |                2 |             11 |         5.50 |
|  inst_synchro/inst_synchro/PLLE2_BASE_inst_0                                |                                                                      | inst_synchro/inst_synchro/eqOp1_in                                        |                3 |             12 |         4.00 |
|  inst_synchro/inst_synchro/PLLE2_BASE_inst_0                                | inst_synchro/inst_synchro/ValueCounter2                              | inst_synchro/inst_synchro/ValueCounter3                                   |                3 |             12 |         4.00 |
|  inst_synchro/inst_synchro/PLLE2_BASE_inst_0                                | inst_synchro/inst_synchro/eqOp1_in                                   | inst_synchro/inst_synchro/ValueCounter2                                   |                3 |             12 |         4.00 |
|  design_1_i/M5_parametre_1/U0/fsm_prochainEtat__0                           |                                                                      |                                                                           |                4 |             14 |         3.50 |
|  inst_synchro/inst_gen_clk_codec/clk_100MHz                                 |                                                                      | design_1_i/M10_conversion_affichage/U0/clear                              |                4 |             16 |         4.00 |
|  inst_synchro/inst_gen_clk_codec/clk_100MHz                                 | design_1_i/M1_decodeur_i2s/MEF_decodeur_i2s/U0/o_bit_enable          | i_btn_IBUF[3]                                                             |                7 |             24 |         3.43 |
|  inst_synchro/inst_gen_clk_codec/clk_100MHz                                 | design_1_i/M1_decodeur_i2s/MEF_decodeur_i2s/U0/o_load_right          | i_btn_IBUF[3]                                                             |                8 |             24 |         3.00 |
|  inst_synchro/inst_gen_clk_codec/clk_100MHz                                 | design_1_i/M1_decodeur_i2s/MEF_decodeur_i2s/U0/o_load_left           | i_btn_IBUF[3]                                                             |               10 |             24 |         2.40 |
| ~inst_synchro/inst_gen_clk_codec/clk_100MHz                                 | design_1_i/M9_codeur_i2s/reg_dec_24b_fd_0/U0/q_shift_reg[23]_i_1_n_0 | i_btn_IBUF[3]                                                             |               10 |             24 |         2.40 |
|  inst_synchro/inst_gen_clk_codec/clk_100MHz                                 |                                                                      |                                                                           |                8 |             25 |         3.12 |
|  inst_synchro/inst_gen_clk_codec/clk_100MHz                                 |                                                                      | i_btn_IBUF[3]                                                             |                7 |             28 |         4.00 |
|  inst_synchro/inst_synchro/PLLE2_BASE_inst_0                                |                                                                      |                                                                           |               16 |             44 |         2.75 |
+-----------------------------------------------------------------------------+----------------------------------------------------------------------+---------------------------------------------------------------------------+------------------+----------------+--------------+


